2024-05-28 13:12:27.187 DEBUG Starting test: AtataSampleProject.SampleTests.TestA
2024-05-28 13:12:27.192 TRACE > Initialize AtataContext
2024-05-28 13:12:27.193 TRACE - Use: "Atata.json" config
2024-05-28 13:12:27.193 TRACE - Use: "Atata.local.json" config
2024-05-28 13:12:27.193 TRACE - Set: BaseUrl=https://demo.atata.io/
2024-05-28 13:12:27.193 TRACE - Set: ElementFindTimeout=5s; ElementFindRetryInterval=0.5s
2024-05-28 13:12:27.193 TRACE - Set: WaitingTimeout=5s; WaitingRetryInterval=0.5s
2024-05-28 13:12:27.194 TRACE - Set: VerificationTimeout=5s; VerificationRetryInterval=0.5s
2024-05-28 13:12:27.194 TRACE - Set: Culture=en-US
2024-05-28 13:12:27.194 TRACE - Set: Artifacts=C:\Users\mallisetti.kumar\source\repos\AtataSampleProject\AtataSampleProject\bin\Debug\net8.0\artifacts\20240528T131224\SampleTests\TestA
2024-05-28 13:12:27.195 TRACE - > Initialize Driver
2024-05-28 13:12:27.195 TRACE - - Created ChromeDriverService { Port=59213, ExecutablePath=C:\Users\mallisetti.kumar\source\repos\AtataSampleProject\AtataSampleProject\bin\Debug\net8.0\drivers\chrome\125.0.6422.78\chromedriver.exe }
2024-05-28 13:12:28.459 TRACE - - Created ChromeDriver { Alias=chrome, SessionId=a604f7e467d4b2ec70f749ac1275ea40 }
2024-05-28 13:12:28.460 TRACE - < Initialize Driver (1.265s)
2024-05-28 13:12:28.460 TRACE < Initialize AtataContext (1.268s)
2024-05-28 13:12:28.465  INFO > Go to "Products" page
2024-05-28 13:12:28.467  INFO < Go to "Products" page (0.002s)
2024-05-28 13:12:28.469 TRACE > Execute trigger VerifyTitleAttribute { Values=["Products - Atata Sample App"], Case=Title, Match=Equals, Timeout=5, RetryInterval=0.5 } on Init against "Products" page
2024-05-28 13:12:28.475  INFO - > Assert: title should equal "Products - Atata Sample App"
2024-05-28 13:12:33.500 ERROR - - Wrong title
Expected: "Products - Atata Sample App"
  Actual: ""
   at Atata.AssertionVerificationStrategy.ReportFailure(String message, Exception exception)
   at Atata.IObjectVerificationProviderExtensions.<>c__DisplayClass5_0`2.<Satisfy>g__ExecuteVerification|0()
   at Atata.LogManager.ExecuteSection(LogSection section, Action action)
   at Atata.VerificationUtils.Verify[TData,TOwner](IObjectVerificationProvider`2 verifier, Action verificationAction, String expectedMessage, TData[] arguments)
   at Atata.IObjectVerificationProviderExtensions.Satisfy[TObject,TOwner](IObjectVerificationProvider`2 verifier, Func`2 predicate, String message, TObject[] args)
   at Atata.IObjectVerificationProviderExtensions.MatchAny[TOwner](IObjectVerificationProvider`2 verifier, TermMatch match, String[] expected)
   at Atata.VerifyTitleAttribute.OnExecute[TOwner](TriggerContext`1 context, String[] values)
   at Atata.TermVerificationTriggerAttribute.Execute[TOwner](TriggerContext`1 context)
   at Atata.UIComponent`1.<>c__DisplayClass74_3.<ExecuteTriggers>b__3()
   at Atata.LogManager.ExecuteSection(LogSection section, Action action)
   at Atata.UIComponent`1.ExecuteTriggers(TriggerEvents on)
   at Atata.PageObject`1.CompleteInit()
   at Atata.AtataNavigator.GoToInitialPageObject[T](T pageObject, GoOptions options)
   at Atata.AtataNavigator.To[T](T pageObject, GoOptions options)
   at Atata.AtataNavigator.To[T](T pageObject, String url, Boolean navigate, Boolean temporarily)
   at Atata.Go.To[T](T pageObject, String url, Boolean navigate, Boolean temporarily)
   at AtataSampleProject.SampleTests.TestA() in C:\Users\mallisetti.kumar\source\repos\AtataSampleProject\AtataSampleProject\SampleTests.cs:line 17
2024-05-28 13:12:33.502  INFO - < Assert: title should equal "Products - Atata Sample App" (5.026s) >> NUnit.Framework.AssertionException: Wrong title...
2024-05-28 13:12:33.503 TRACE < Execute trigger VerifyTitleAttribute { Values=["Products - Atata Sample App"], Case=Title, Match=Equals, Timeout=5, RetryInterval=0.5 } on Init against "Products" page (5.033s) >> NUnit.Framework.AssertionException: Wrong title...
2024-05-28 13:12:33.510 TRACE > Deinitialize AtataContext
2024-05-28 13:12:33.523 TRACE - > Take screenshot #01 Failed
2024-05-28 13:12:33.635 TRACE - < Take screenshot #01 Failed (0.112s) >> "01 Products page - Failed.png"
2024-05-28 13:12:33.636 TRACE - > Take page snapshot #01 Failed
2024-05-28 13:12:33.711 TRACE - < Take page snapshot #01 Failed (0.075s) >> "01 Products page - Failed.mhtml"
2024-05-28 13:12:33.934 TRACE < Deinitialize AtataContext (0.423s)
2024-05-28 13:12:33.936 DEBUG Finished test
      Total time: 6.749s
  Initialization: 1.276s | 18.9 %
       Test body: 5.049s | 74.8 %
Deinitialization: 0.423s |  6.3 %
