2024-05-28 13:05:55.617 DEBUG Starting test: AtataSampleProject.SampleTests.TestA
2024-05-28 13:05:55.621 TRACE > Initialize AtataContext
2024-05-28 13:05:55.622 TRACE - Use: "Atata.json" config
2024-05-28 13:05:55.622 TRACE - Use: "Atata.local.json" config
2024-05-28 13:05:55.622 TRACE - Set: BaseUrl=https://demo.atata.io/
2024-05-28 13:05:55.622 TRACE - Set: ElementFindTimeout=5s; ElementFindRetryInterval=0.5s
2024-05-28 13:05:55.622 TRACE - Set: WaitingTimeout=5s; WaitingRetryInterval=0.5s
2024-05-28 13:05:55.622 TRACE - Set: VerificationTimeout=5s; VerificationRetryInterval=0.5s
2024-05-28 13:05:55.623 TRACE - Set: Culture=en-US
2024-05-28 13:05:55.623 TRACE - Set: Artifacts=C:\Users\mallisetti.kumar\source\repos\AtataSampleProject\AtataSampleProject\bin\Debug\net8.0\artifacts\20240528T130553\SampleTests\TestA
2024-05-28 13:05:55.623 TRACE - > Initialize Driver
2024-05-28 13:05:55.624 TRACE - - Created ChromeDriverService { Port=57985, ExecutablePath=C:\Users\mallisetti.kumar\source\repos\AtataSampleProject\AtataSampleProject\bin\Debug\net8.0\drivers\chrome\125.0.6422.78\chromedriver.exe }
2024-05-28 13:05:56.840 TRACE - - Created ChromeDriver { Alias=chrome, SessionId=1242861b180a473cc54337adfff7b8da }
2024-05-28 13:05:56.841 TRACE - < Initialize Driver (1.217s)
2024-05-28 13:05:56.841 TRACE < Initialize AtataContext (1.219s)
2024-05-28 13:05:56.846  INFO > Go to "Products" page
2024-05-28 13:05:56.849  INFO < Go to "Products" page (0.003s)
2024-05-28 13:05:56.850 TRACE > Execute trigger VerifyTitleAttribute { Values=["Products - Atata Sample App"], Case=Title, Match=Equals, Timeout=5, RetryInterval=0.5 } on Init against "Products" page
2024-05-28 13:05:56.856  INFO - > Assert: title should equal "Products - Atata Sample App"
2024-05-28 13:06:01.885 ERROR - - Wrong title
Expected: "Products - Atata Sample App"
  Actual: ""
   at Atata.AssertionVerificationStrategy.ReportFailure(String message, Exception exception)
   at Atata.IObjectVerificationProviderExtensions.<>c__DisplayClass5_0`2.<Satisfy>g__ExecuteVerification|0()
   at Atata.LogManager.ExecuteSection(LogSection section, Action action)
   at Atata.VerificationUtils.Verify[TData,TOwner](IObjectVerificationProvider`2 verifier, Action verificationAction, String expectedMessage, TData[] arguments)
   at Atata.IObjectVerificationProviderExtensions.Satisfy[TObject,TOwner](IObjectVerificationProvider`2 verifier, Func`2 predicate, String message, TObject[] args)
   at Atata.IObjectVerificationProviderExtensions.MatchAny[TOwner](IObjectVerificationProvider`2 verifier, TermMatch match, String[] expected)
   at Atata.VerifyTitleAttribute.OnExecute[TOwner](TriggerContext`1 context, String[] values)
   at Atata.TermVerificationTriggerAttribute.Execute[TOwner](TriggerContext`1 context)
   at Atata.UIComponent`1.<>c__DisplayClass74_3.<ExecuteTriggers>b__3()
   at Atata.LogManager.ExecuteSection(LogSection section, Action action)
   at Atata.UIComponent`1.ExecuteTriggers(TriggerEvents on)
   at Atata.PageObject`1.CompleteInit()
   at Atata.AtataNavigator.GoToInitialPageObject[T](T pageObject, GoOptions options)
   at Atata.AtataNavigator.To[T](T pageObject, GoOptions options)
   at Atata.AtataNavigator.To[T](T pageObject, String url, Boolean navigate, Boolean temporarily)
   at Atata.Go.To[T](T pageObject, String url, Boolean navigate, Boolean temporarily)
   at AtataSampleProject.SampleTests.TestA() in C:\Users\mallisetti.kumar\source\repos\AtataSampleProject\AtataSampleProject\SampleTests.cs:line 17
2024-05-28 13:06:01.888  INFO - < Assert: title should equal "Products - Atata Sample App" (5.031s) >> NUnit.Framework.AssertionException: Wrong title...
2024-05-28 13:06:01.888 TRACE < Execute trigger VerifyTitleAttribute { Values=["Products - Atata Sample App"], Case=Title, Match=Equals, Timeout=5, RetryInterval=0.5 } on Init against "Products" page (5.038s) >> NUnit.Framework.AssertionException: Wrong title...
2024-05-28 13:06:01.895 TRACE > Deinitialize AtataContext
2024-05-28 13:06:01.908 TRACE - > Take screenshot #01 Failed
2024-05-28 13:06:02.022 TRACE - < Take screenshot #01 Failed (0.114s) >> "01 Products page - Failed.png"
2024-05-28 13:06:02.023 TRACE - > Take page snapshot #01 Failed
2024-05-28 13:06:02.122 TRACE - < Take page snapshot #01 Failed (0.098s) >> "01 Products page - Failed.mhtml"
2024-05-28 13:06:02.339 TRACE < Deinitialize AtataContext (0.444s)
2024-05-28 13:06:02.342 DEBUG Finished test
      Total time: 6.724s
  Initialization: 1.225s | 18.2 %
       Test body: 5.053s | 75.2 %
Deinitialization: 0.444s |  6.6 %
