2024-05-28 13:32:16.346 DEBUG Starting test: AtataSampleProject.SampleTests.TestA
2024-05-28 13:32:16.448 TRACE > Initialize AtataContext
2024-05-28 13:32:16.470 TRACE - Use: "Atata.json" config
2024-05-28 13:32:16.471 TRACE - Use: "Atata.local.json" config
2024-05-28 13:32:16.471 TRACE - Set: BaseUrl=https://demo.atata.io/
2024-05-28 13:32:16.473 TRACE - Set: ElementFindTimeout=5s; ElementFindRetryInterval=0.5s
2024-05-28 13:32:16.473 TRACE - Set: WaitingTimeout=5s; WaitingRetryInterval=0.5s
2024-05-28 13:32:16.473 TRACE - Set: VerificationTimeout=5s; VerificationRetryInterval=0.5s
2024-05-28 13:32:16.474 TRACE - Set: Culture=en-US
2024-05-28 13:32:16.474 TRACE - Set: Artifacts=C:\Users\mallisetti.kumar\source\repos\AtataSampleProject\AtataSampleProject\bin\Debug\net8.0\artifacts\20240528T133216\SampleTests\TestA
2024-05-28 13:32:16.475 TRACE - > Initialize Driver
2024-05-28 13:32:16.480 TRACE - - Created ChromeDriverService { Port=49357, ExecutablePath=C:\Users\mallisetti.kumar\source\repos\AtataSampleProject\AtataSampleProject\bin\Debug\net8.0\drivers\chrome\125.0.6422.78\chromedriver.exe }
2024-05-28 13:32:17.285 TRACE - - Created ChromeDriver { Alias=chrome, SessionId=3067e7261f435c10c876da6e56769b6a }
2024-05-28 13:32:17.289 TRACE - < Initialize Driver (0.811s)
2024-05-28 13:32:17.290 TRACE < Initialize AtataContext (0.842s)
2024-05-28 13:32:17.333  INFO > Go to "Sign In" page by URL https://demo.atata.io/signin
2024-05-28 13:32:17.717  INFO < Go to "Sign In" page by URL https://demo.atata.io/signin (0.383s)
2024-05-28 13:32:17.724 TRACE > Execute trigger VerifyH1Attribute { Index=-1, Case=Title, Match=Equals, Timeout=5, RetryInterval=0.5 } on Init against "Sign In" page
2024-05-28 13:32:17.729  INFO - > Assert: "Sign In" <h1> heading should be present
2024-05-28 13:32:17.740 TRACE - - > Find visible element by XPath ".//h1[normalize-space(.) = 'Sign In']" in ChromeDriver
2024-05-28 13:32:18.781 TRACE - - < Find visible element by XPath ".//h1[normalize-space(.) = 'Sign In']" in ChromeDriver (1.039s) >> Element { Id=f.53328693959B9BCC10841CF93061070A.d.A2C140B2F945A2B39C51C9505C6A71AE.e.7 }
2024-05-28 13:32:18.782  INFO - < Assert: "Sign In" <h1> heading should be present (1.053s)
2024-05-28 13:32:18.783 TRACE < Execute trigger VerifyH1Attribute { Index=-1, Case=Title, Match=Equals, Timeout=5, RetryInterval=0.5 } on Init against "Sign In" page (1.058s)
2024-05-28 13:32:18.786  INFO > Set "admin@mail.com" to "Email" text input
2024-05-28 13:32:18.794 TRACE - > Execute behavior SetsValueUsingClearAndTypeBehaviorsAttribute against "Email" text input
2024-05-28 13:32:18.795 TRACE - - > Execute behavior ClearsValueUsingClearMethodAttribute against "Email" text input
2024-05-28 13:32:18.798 TRACE - - - > Find element by XPath "(.//*[@id = //label[normalize-space(.) = 'Email']/@for]/descendant-or-self::input[@type='text' or not(@type)] | .//label[normalize-space(.) = 'Email']/descendant-or-self::input[@type='text' or not(@type)])" in ChromeDriver
2024-05-28 13:32:18.811 TRACE - - - < Find element by XPath "(.//*[@id = //label[normalize-space(.) = 'Email']/@for]/descendant-or-self::input[@type='text' or not(@type)] | .//label[normalize-space(.) = 'Email']/descendant-or-self::input[@type='text' or not(@type)])" in ChromeDriver (0.012s) >> Element { Id=f.53328693959B9BCC10841CF93061070A.d.A2C140B2F945A2B39C51C9505C6A71AE.e.6 }
2024-05-28 13:32:18.812 TRACE - - - > Clear element { Id=f.53328693959B9BCC10841CF93061070A.d.A2C140B2F945A2B39C51C9505C6A71AE.e.6 }
2024-05-28 13:32:18.839 TRACE - - - < Clear element { Id=f.53328693959B9BCC10841CF93061070A.d.A2C140B2F945A2B39C51C9505C6A71AE.e.6 } (0.026s)
2024-05-28 13:32:18.839 TRACE - - < Execute behavior ClearsValueUsingClearMethodAttribute against "Email" text input (0.043s)
2024-05-28 13:32:18.840 TRACE - - > Execute behavior TypesTextUsingSendKeysAttribute against "Email" text input
2024-05-28 13:32:18.841 TRACE - - - > Send keys "admin@mail.com" to element { Id=f.53328693959B9BCC10841CF93061070A.d.A2C140B2F945A2B39C51C9505C6A71AE.e.6 }
2024-05-28 13:32:18.896 TRACE - - - < Send keys "admin@mail.com" to element { Id=f.53328693959B9BCC10841CF93061070A.d.A2C140B2F945A2B39C51C9505C6A71AE.e.6 } (0.055s)
2024-05-28 13:32:18.897 TRACE - - < Execute behavior TypesTextUsingSendKeysAttribute against "Email" text input (0.056s)
2024-05-28 13:32:18.897 TRACE - < Execute behavior SetsValueUsingClearAndTypeBehaviorsAttribute against "Email" text input (0.103s)
2024-05-28 13:32:18.897  INFO < Set "admin@mail.com" to "Email" text input (0.111s)
2024-05-28 13:32:18.898  INFO > Set "abc123" to "Password" password input
2024-05-28 13:32:18.898 TRACE - > Execute behavior SetsValueUsingClearAndTypeBehaviorsAttribute against "Password" password input
2024-05-28 13:32:18.898 TRACE - - > Execute behavior ClearsValueUsingClearMethodAttribute against "Password" password input
2024-05-28 13:32:18.899 TRACE - - - > Find element by XPath ".//*[normalize-space(@id) = 'password']/descendant-or-self::input[@type='password']" in ChromeDriver
2024-05-28 13:32:18.908 TRACE - - - < Find element by XPath ".//*[normalize-space(@id) = 'password']/descendant-or-self::input[@type='password']" in ChromeDriver (0.008s) >> Element { Id=f.53328693959B9BCC10841CF93061070A.d.A2C140B2F945A2B39C51C9505C6A71AE.e.3 }
2024-05-28 13:32:18.908 TRACE - - - > Clear element { Id=f.53328693959B9BCC10841CF93061070A.d.A2C140B2F945A2B39C51C9505C6A71AE.e.3 }
2024-05-28 13:32:18.925 TRACE - - - < Clear element { Id=f.53328693959B9BCC10841CF93061070A.d.A2C140B2F945A2B39C51C9505C6A71AE.e.3 } (0.017s)
2024-05-28 13:32:18.926 TRACE - - < Execute behavior ClearsValueUsingClearMethodAttribute against "Password" password input (0.027s)
2024-05-28 13:32:18.926 TRACE - - > Execute behavior TypesTextUsingSendKeysAttribute against "Password" password input
2024-05-28 13:32:18.926 TRACE - - - > Send keys "abc123" to element { Id=f.53328693959B9BCC10841CF93061070A.d.A2C140B2F945A2B39C51C9505C6A71AE.e.3 }
2024-05-28 13:32:18.964 TRACE - - - < Send keys "abc123" to element { Id=f.53328693959B9BCC10841CF93061070A.d.A2C140B2F945A2B39C51C9505C6A71AE.e.3 } (0.037s)
2024-05-28 13:32:18.965 TRACE - - < Execute behavior TypesTextUsingSendKeysAttribute against "Password" password input (0.038s)
2024-05-28 13:32:18.965 TRACE - < Execute behavior SetsValueUsingClearAndTypeBehaviorsAttribute against "Password" password input (0.067s)
2024-05-28 13:32:18.966  INFO < Set "abc123" to "Password" password input (0.067s)
2024-05-28 13:32:18.966  INFO > Click "Sign In" button
2024-05-28 13:32:18.967 TRACE - > Execute behavior ClicksUsingClickMethodAttribute against "Sign In" button
2024-05-28 13:32:18.968 TRACE - - > Find element by XPath ".//*[self::input[@type='button' or @type='submit' or @type='reset'] or self::button][normalize-space(@value) = 'Sign In']" in ChromeDriver
2024-05-28 13:32:23.991 TRACE - - < Find element by XPath ".//*[self::input[@type='button' or @type='submit' or @type='reset'] or self::button][normalize-space(@value) = 'Sign In']" in ChromeDriver (5.023s) >> Atata.ElementNotFoundException: Unable to locate element:...
2024-05-28 13:32:23.992 TRACE - < Execute behavior ClicksUsingClickMethodAttribute against "Sign In" button (5.024s) >> Atata.ElementNotFoundException: Unable to locate element:...
2024-05-28 13:32:23.992  INFO < Click "Sign In" button (5.025s) >> Atata.ElementNotFoundException: Unable to locate element:...
2024-05-28 13:32:24.001 TRACE > Deinitialize AtataContext
2024-05-28 13:32:24.011 ERROR - Atata.ElementNotFoundException : Unable to locate element:
- By: XPath ".//*[self::input[@type='button' or @type='submit' or @type='reset'] or self::button][normalize-space(@value) = 'Sign In']"
- Search time: 5.022s
- Search options: {Visibility=Any, Timeout=5s, RetryInterval=0.5s, IsSafely=False}
   at Atata.ExtendedSearchContext`1.Find(By by)
   at Atata.ExtendedSearchContext`1.FindElement(By by)
   at Atata.ISearchContextExtensions.Get[T](T searchContext, By by)
   at Atata.ISearchContextLoggingExtensions.<>c__DisplayClass0_0.<GetWithLogging>b__0()
   at Atata.LogManager.ExecuteSection[TResult](LogSection section, Func`1 function)
   at Atata.ISearchContextLoggingExtensions.GetWithLogging(ISearchContext searchContext, By by)
   at Atata.XPathComponentScopeFindResult.Get(String xPathCondition)
   at Atata.StrategyScopeLocator.<>c__DisplayClass3_0.<GetElement>b__0(XPathComponentScopeFindResult x)
   at System.Linq.Enumerable.SelectArrayIterator`2.MoveNext()
   at System.Linq.Enumerable.TryGetFirst[TSource](IEnumerable`1 source, Func`2 predicate, Boolean& found)
   at System.Linq.Enumerable.FirstOrDefault[TSource](IEnumerable`1 source, Func`2 predicate)
   at Atata.StrategyScopeLocator.GetElement(SearchOptions searchOptions, String xPathCondition)
   at Atata.UIComponent`1.OnGetScopeElement(SearchOptions searchOptions)
   at Atata.StaleSafely.Execute[TResult](Func`2 action, SearchOptions options, Action onExceptionCallback)
   at Atata.UIComponent.GetScopeElement(SearchOptions searchOptions)
   at Atata.UIComponent.get_Scope()
   at Atata.ClicksUsingClickMethodAttribute.Execute[TOwner](IUIComponent`1 component)
   at Atata.Control`1.<OnClick>b__17_0(ClickBehaviorAttribute x)
   at Atata.UIComponent.<>c__DisplayClass61_0`1.<ExecuteBehavior>b__1(TimeSpan _)
   at Atata.StaleSafely.Execute(Action`1 action, TimeSpan timeout, Action onExceptionCallback)
   at Atata.UIComponent.<>c__DisplayClass61_0`1.<ExecuteBehavior>b__0()
   at Atata.LogManager.ExecuteSection(LogSection section, Action action)
   at Atata.UIComponent.ExecuteBehavior[TBehaviorAttribute](Action`1 behaviorExecutionAction)
   at Atata.Control`1.OnClick()
   at Atata.LogManager.ExecuteSection(LogSection section, Action action)
   at Atata.Control`1.Click()
   at Atata.Control`1.ClickAndGo[TNavigateTo](TNavigateTo navigateToPageObject, Nullable`1 temporarily)
   at Atata.INavigableExtensions.ClickAndGo[TNavigateTo,TOwner](INavigable`2 navigableControl)
   at AtataSampleProject.UITestFixture.LoginAndNavigateToProductsPage() in C:\Users\mallisetti.kumar\source\repos\AtataSampleProject\AtataSampleProject\UITestFixture.cs:line 18
   at AtataSampleProject.SampleTests.TestA() in C:\Users\mallisetti.kumar\source\repos\AtataSampleProject\AtataSampleProject\SampleTests.cs:line 17
   at System.RuntimeMethodHandle.InvokeMethod(Object target, Void** arguments, Signature sig, Boolean isConstructor)
   at System.Reflection.MethodBaseInvoker.InvokeWithNoArgs(Object obj, BindingFlags invokeAttr)
2024-05-28 13:32:24.013 TRACE - > Take screenshot #01 Failed
2024-05-28 13:32:24.131 TRACE - < Take screenshot #01 Failed (0.117s) >> "01 Sign In page - Failed.png"
2024-05-28 13:32:24.132 TRACE - > Take page snapshot #01 Failed
2024-05-28 13:32:24.218 TRACE - < Take page snapshot #01 Failed (0.086s) >> "01 Sign In page - Failed.mhtml"
2024-05-28 13:32:24.457 TRACE < Deinitialize AtataContext (0.456s)
2024-05-28 13:32:24.460 DEBUG Finished test
      Total time: 8.155s
  Initialization: 0.988s | 12.1 %
       Test body: 6.710s | 82.3 %
Deinitialization: 0.456s |  5.6 %
